\BOOKMARK [0][-]{chapter.1}{Integration}{}% 1
\BOOKMARK [1][-]{section.1.1}{Integrals 積分}{chapter.1}% 2
\BOOKMARK [1][-]{section.1.2}{Definite Integral 定積分}{chapter.1}% 3
\BOOKMARK [1][-]{section.1.3}{Indefinite Integral 不定積分}{chapter.1}% 4
\BOOKMARK [1][-]{section.1.4}{Fundamental Theorem of Calculus 微積分基本定理}{chapter.1}% 5
\BOOKMARK [1][-]{section.1.5}{Substitution\040Rule}{chapter.1}% 6
\BOOKMARK [1][-]{section.1.6}{Volume of Solids of Revolution 旋轉體體積}{chapter.1}% 7
\BOOKMARK [1][-]{section.1.7}{Integration\040by\040Parts}{chapter.1}% 8
\BOOKMARK [1][-]{section.1.8}{Trigonometric\040Integrals}{chapter.1}% 9
\BOOKMARK [1][-]{section.1.9}{Trigonometric\040Substitution}{chapter.1}% 10
\BOOKMARK [1][-]{section.1.10}{Improper Integrals 瑕積分}{chapter.1}% 11
\BOOKMARK [1][-]{section.1.11}{Differential\040Equations}{chapter.1}% 12
\BOOKMARK [0][-]{chapter.2}{Applications\040of\040Integration}{}% 13
\BOOKMARK [1][-]{section.2.1}{1st-order linear ODE 一階線性常微分方程}{chapter.2}% 14
\BOOKMARK [1][-]{section.2.2}{Arc Length 弧長}{chapter.2}% 15
\BOOKMARK [1][-]{section.2.3}{Calculus\040with\040Parametric\040Curve}{chapter.2}% 16
\BOOKMARK [1][-]{section.2.4}{Polar Coordinates 極坐標}{chapter.2}% 17
\BOOKMARK [0][-]{chapter.3}{Sequence\040and\040Series}{}% 18
\BOOKMARK [1][-]{section.3.1}{Sequence 數列}{chapter.3}% 19
\BOOKMARK [1][-]{section.3.2}{Series 級數}{chapter.3}% 20
\BOOKMARK [1][-]{section.3.3}{Integral\040Test}{chapter.3}% 21
\BOOKMARK [1][-]{section.3.4}{Comparison\040Theorem}{chapter.3}% 22
\BOOKMARK [1][-]{section.3.5}{Alternating Series 交錯級數}{chapter.3}% 23
\BOOKMARK [1][-]{section.3.6}{Absolute\040Convergence}{chapter.3}% 24
\BOOKMARK [1][-]{section.3.7}{Ratio\040and\040Root\040Tests}{chapter.3}% 25
\BOOKMARK [1][-]{section.3.8}{Power Series 冪級數}{chapter.3}% 26
\BOOKMARK [1][-]{section.3.9}{Representation\040of\040Functions\040as\040Power\040Series}{chapter.3}% 27
\BOOKMARK [1][-]{section.3.10}{Term\040by\040Term\040Differentiation\040and\040Integration}{chapter.3}% 28
\BOOKMARK [1][-]{section.3.11}{Taylor\040and\040Maclaurin\040Series}{chapter.3}% 29
\BOOKMARK [1][-]{section.3.12}{Taylor\040Inequality}{chapter.3}% 30
\BOOKMARK [1][-]{section.3.13}{Review}{chapter.3}% 31
\BOOKMARK [0][-]{chapter.4}{Partial\040Derivatives}{}% 32
\BOOKMARK [1][-]{section.4.1}{Partial\040Derivatives}{chapter.4}% 33
\BOOKMARK [1][-]{section.4.2}{Limit\040and\040Continuity}{chapter.4}% 34
\BOOKMARK [1][-]{section.4.3}{First\040Partial\040Derivatives}{chapter.4}% 35
\BOOKMARK [1][-]{section.4.4}{Second\040Partial\040Derivatives}{chapter.4}% 36
\BOOKMARK [1][-]{section.4.5}{Partial\040Derivatives\040by\040Implicit\040Differentiation}{chapter.4}% 37
\BOOKMARK [1][-]{section.4.6}{Tangent\040Planes}{chapter.4}% 38
\BOOKMARK [1][-]{section.4.7}{Linear\040Approximation}{chapter.4}% 39
\BOOKMARK [1][-]{section.4.8}{Chain\040Rule}{chapter.4}% 40
