\BOOKMARK [0][-]{chapter.1}{Functions}{}% 1
\BOOKMARK [1][-]{section.1.1}{Function 函數}{chapter.1}% 2
\BOOKMARK [1][-]{section.1.2}{Even and Odd Functions 偶函數與奇函數}{chapter.1}% 3
\BOOKMARK [1][-]{section.1.3}{Polynomial 多項式}{chapter.1}% 4
\BOOKMARK [1][-]{section.1.4}{Rational Function 有理函數}{chapter.1}% 5
\BOOKMARK [1][-]{section.1.5}{Exponential Function 指數函數}{chapter.1}% 6
\BOOKMARK [0][-]{chapter.2}{Limits}{}% 7
\BOOKMARK [1][-]{section.2.1}{Limit 極限}{chapter.2}% 8
\BOOKMARK [1][-]{section.2.2}{Ways\040to\040Find\040Limits}{chapter.2}% 9
\BOOKMARK [1][-]{section.2.3}{\040\040-\040\040language}{chapter.2}% 10
\BOOKMARK [1][-]{section.2.4}{Limit\040Law}{chapter.2}% 11
\BOOKMARK [1][-]{section.2.5}{Continuity}{chapter.2}% 12
\BOOKMARK [1][-]{section.2.6}{Intermediate\040Value\040Theorem}{chapter.2}% 13
\BOOKMARK [1][-]{section.2.7}{Velocity}{chapter.2}% 14
\BOOKMARK [0][-]{chapter.3}{Derivatives}{}% 15
\BOOKMARK [1][-]{section.3.1}{Derivatives 導（函）數}{chapter.3}% 16
\BOOKMARK [1][-]{section.3.2}{Differentiability}{chapter.3}% 17
\BOOKMARK [1][-]{section.3.3}{Differentiation\040Rule}{chapter.3}% 18
\BOOKMARK [1][-]{section.3.4}{Derivatives\040of\040Trigonometric\040Functions}{chapter.3}% 19
\BOOKMARK [1][-]{section.3.5}{Derivatives\040of\040Polynomials}{chapter.3}% 20
\BOOKMARK [1][-]{section.3.6}{Derivatives\040of\040ex}{chapter.3}% 21
\BOOKMARK [1][-]{section.3.7}{Chain Rule 連鎖律}{chapter.3}% 22
\BOOKMARK [1][-]{section.3.8}{Linear\040Approximation\040\(Linearization\)}{chapter.3}% 23
\BOOKMARK [1][-]{section.3.9}{Implicit\040Differentiation}{chapter.3}% 24
\BOOKMARK [1][-]{section.3.10}{Derivatives\040of\040Inverse\040Trigonometric\040Functions}{chapter.3}% 25
\BOOKMARK [1][-]{section.3.11}{Exponential\040Growth\040and\040Decay}{chapter.3}% 26
\BOOKMARK [0][-]{chapter.4}{Applications\040of\040Derivatives}{}% 27
\BOOKMARK [1][-]{section.4.1}{Maximum\040and\040Minimum}{chapter.4}% 28
\BOOKMARK [1][-]{section.4.2}{Extreme\040Value\040Theorem}{chapter.4}% 29
\BOOKMARK [1][-]{section.4.3}{Fermat's\040Theorem}{chapter.4}% 30
\BOOKMARK [1][-]{section.4.4}{Critical\040Point\040\(Critical\040Number\)}{chapter.4}% 31
\BOOKMARK [1][-]{section.4.5}{Rolle's\040Theorem}{chapter.4}% 32
\BOOKMARK [1][-]{section.4.6}{Mean\040Value\040Theorem}{chapter.4}% 33
\BOOKMARK [1][-]{section.4.7}{L'Hospital's\040Rule}{chapter.4}% 34
\BOOKMARK [1][-]{section.4.8}{Inflection Point \(反曲點\)}{chapter.4}% 35
\BOOKMARK [1][-]{section.4.9}{Optimization\040Problems}{chapter.4}% 36
\BOOKMARK [1][-]{section.4.10}{Antiderivatives（反導函數）}{chapter.4}% 37
